<?xml version="1.0" encoding="utf-8"?><testsuites name="pytest tests"><testsuite name="pytest" errors="0" failures="0" skipped="0" tests="10" time="1.256" timestamp="2026-08-12T13:36:36.178551+00:00" hostname="agent-env-af33862f-e726-4198-b1d8-f9cc10f5f604"><testcase classname="tests.backend_test.TestInsightsList" name="test_articles_only" time="0.309" /><testcase classname="tests.backend_test.TestInsightSingle" name="test_get_article_slug" time="0.332" /><testcase classname="tests.backend_test.TestInsightsList" name="test_blog_only" time="0.069" /><testcase classname="tests.backend_test.TestInsightSingle" name="test_get_blog_slug" time="0.072" /><testcase classname="tests.backend_test.TestInsightsList" name="test_all_insights" time="0.070" /><testcase classname="tests.backend_test.TestInsightSingle" name="test_unknown_slug_404" time="0.107" /><testcase classname="tests.backend_test.TestHealth" name="test_root" time="0.100" /><testcase classname="tests.backend_test.TestContact" name="test_contact_valid" time="0.128" /><testcase classname="tests.backend_test.TestHealth" name="test_health" time="0.063" /><testcase classname="tests.backend_test.TestContact" name="test_contact_invalid_email" time="0.069" /></testsuite></testsuites>